<?xml version="1.0" encoding="UTF-8"?>
<!-- Generated by org.testng.reporters.JUnitReportReporter -->
<testsuite hostname="LAPTOP-TAG4UORD" failures="0" tests="1" name="GoogleTest" time="20.031" errors="0" timestamp="2022-12-20T15:51:07 IST" skipped="0">
  <testcase classname="GoogleTest" name="HomePageCheck" time="20.031"/>
  <system-out/>
</testsuite> <!-- GoogleTest -->
